TN:
SF:src/App.tsx
FN:8,App
FN:41,Home
FNF:2
FNH:0
FNDA:0,App
FNDA:0,Home
DA:9,0
DA:42,0
LF:2
LH:0
BRF:0
BRH:0
end_of_record
TN:
SF:src/main.tsx
FNF:0
FNH:0
DA:8,0
LF:1
LH:0
BRF:0
BRH:0
end_of_record
TN:
SF:src/app/api.ts
FN:11,getProducts
FN:20,checkout
FN:36,(anonymous_2)
FN:37,(anonymous_3)
FNF:4
FNH:0
FNDA:0,getProducts
FNDA:0,checkout
FNDA:0,(anonymous_2)
FNDA:0,(anonymous_3)
DA:12,0
DA:13,0
DA:14,0
DA:21,0
DA:22,0
DA:23,0
DA:24,0
DA:28,0
DA:29,0
DA:30,0
DA:32,0
DA:36,1
DA:37,0
LF:13
LH:1
BRDA:21,0,0,0
BRDA:21,0,1,0
BRDA:29,1,0,0
BRDA:29,1,1,0
BRF:4
BRH:0
end_of_record
TN:
SF:src/app/hooks.ts
FN:4,(anonymous_0)
FNF:1
FNH:0
FNDA:0,(anonymous_0)
DA:4,0
DA:5,0
LF:2
LH:0
BRF:0
BRH:0
end_of_record
TN:
SF:src/app/store.ts
FNF:0
FNH:0
DA:5,0
LF:1
LH:0
BRF:0
BRH:0
end_of_record
TN:
SF:src/features/cart/Cart.tsx
FN:12,Cart
FN:14,(anonymous_1)
FN:15,(anonymous_2)
FN:17,(anonymous_3)
FN:18,(anonymous_4)
FN:20,onQuantityChanged
FN:28,onCheckout
FN:52,(anonymous_7)
FN:60,(anonymous_8)
FN:66,(anonymous_9)
FNF:10
FNH:0
FNDA:0,Cart
FNDA:0,(anonymous_1)
FNDA:0,(anonymous_2)
FNDA:0,(anonymous_3)
FNDA:0,(anonymous_4)
FNDA:0,onQuantityChanged
FNDA:0,onCheckout
FNDA:0,(anonymous_7)
FNDA:0,(anonymous_8)
FNDA:0,(anonymous_9)
DA:13,0
DA:14,0
DA:15,0
DA:16,0
DA:17,0
DA:18,0
DA:24,0
DA:25,0
DA:29,0
DA:30,0
DA:33,0
DA:39,0
DA:53,0
DA:60,0
DA:66,0
LF:15
LH:0
BRDA:24,0,0,0
BRDA:24,0,1,0
BRDA:85,1,0,0
BRDA:85,1,1,0
BRDA:85,2,0,0
BRDA:85,2,1,0
BRF:6
BRH:0
end_of_record
TN:
SF:src/features/cart/CartLink.tsx
FN:7,CartLink
FNF:1
FNH:0
FNDA:0,CartLink
DA:8,0
DA:9,0
LF:2
LH:0
BRDA:12,0,0,0
BRDA:12,0,1,0
BRF:2
BRH:0
end_of_record
TN:
SF:src/features/cart/cartSlice.ts
FN:23,(anonymous_0)
FN:34,(anonymous_1)
FN:41,(anonymous_2)
FN:44,(anonymous_3)
FN:52,(anonymous_4)
FN:53,(anonymous_5)
FN:58,(anonymous_6)
FN:68,(anonymous_7)
FN:78,getNumItems
FN:87,(anonymous_9)
FN:88,(anonymous_10)
FN:99,(anonymous_11)
FN:100,(anonymous_12)
FN:101,(anonymous_13)
FNF:14
FNH:7
FNDA:0,(anonymous_0)
FNDA:1,(anonymous_1)
FNDA:1,(anonymous_2)
FNDA:1,(anonymous_3)
FNDA:1,(anonymous_4)
FNDA:0,(anonymous_5)
FNDA:0,(anonymous_6)
FNDA:0,(anonymous_7)
FNDA:2,getNumItems
FNDA:8,(anonymous_9)
FNDA:5,(anonymous_10)
FNDA:0,(anonymous_11)
FNDA:0,(anonymous_12)
FNDA:0,(anonymous_13)
DA:17,1
DA:23,1
DA:24,0
DA:25,0
DA:26,0
DA:27,0
DA:30,1
DA:35,1
DA:36,0
DA:38,1
DA:42,1
DA:48,1
DA:49,1
DA:53,1
DA:54,0
DA:56,1
DA:59,0
DA:60,0
DA:61,0
DA:62,0
DA:64,0
DA:68,1
DA:69,0
DA:70,0
DA:75,1
DA:79,2
DA:80,2
DA:81,2
DA:83,2
DA:86,1
DA:87,8
DA:89,5
DA:90,5
DA:91,5
DA:92,7
DA:94,5
DA:98,1
DA:99,0
DA:100,0
DA:102,0
DA:103,0
DA:104,0
DA:106,0
LF:43
LH:24
BRDA:35,0,0,0
BRDA:35,0,1,1
BRDA:60,1,0,0
BRDA:60,1,1,0
BRDA:70,2,0,0
BRDA:70,2,1,0
BRF:6
BRH:1
end_of_record
TN:
SF:src/features/products/Products.tsx
FN:8,Products
FN:10,(anonymous_1)
FN:11,(anonymous_2)
FN:15,(anonymous_3)
FN:19,(anonymous_4)
FN:32,(anonymous_5)
FNF:6
FNH:0
FNDA:0,Products
FNDA:0,(anonymous_1)
FNDA:0,(anonymous_2)
FNDA:0,(anonymous_3)
FNDA:0,(anonymous_4)
FNDA:0,(anonymous_5)
DA:9,0
DA:10,0
DA:11,0
DA:12,0
DA:15,0
DA:16,0
DA:20,0
DA:32,0
LF:8
LH:0
BRF:0
BRH:0
end_of_record
TN:
SF:src/features/products/productsSlice.ts
FN:16,(anonymous_0)
FN:18,(anonymous_1)
FNF:2
FNH:0
FNDA:0,(anonymous_0)
FNDA:0,(anonymous_1)
DA:8,0
DA:12,0
DA:17,0
DA:18,0
DA:19,0
DA:25,0
LF:6
LH:0
BRF:0
BRH:0
end_of_record
